<?xml version="1.0" encoding="UTF-8"?>
<!-- Generated by org.testng.reporters.JUnitXMLReporter -->
<testsuite ignored="0" hostname="VSP-94QD6Q3" failures="0" tests="8" name="Default test" time="0.06" errors="0" timestamp="2023-01-06T12:30:17 IST">
  <testcase classname="practice.Annotations" name="enable" time="0.004"/>
  <testcase classname="practice.Annotations" name="group" time="0.001"/>
  <testcase classname="practice.Annotations" name="test1" time="0.001"/>
  <testcase classname="practice.Annotations" name="test2" time="0.001"/>
  <testcase classname="practice.Annotations" name="test3" time="0.0"/>
  <testcase classname="practice.Annotations" name="test" time="0.001"/>
  <testcase classname="practice.Annotations" name="test4" time="0.001"/>
  <testcase classname="practice.Annotations" name="depends" time="0.001"/>
</testsuite> <!-- Default test -->
