<?xml version="1.0" encoding="UTF-8"?>
<!-- Generated by org.testng.reporters.JUnitXMLReporter -->
<testsuite ignored="0" hostname="VSP-94QD6Q3" failures="0" tests="18" name="paraTest" time="0.053" errors="0" timestamp="2022-12-27T12:13:46 IST">
  <testcase classname="parameters.paraClass" name="t3" time="0.003"/>
  <testcase classname="parameters.paraClass" name="t4" time="0.001"/>
  <testcase classname="parameters.paraClass" name="t5" time="0.001"/>
  <testcase classname="practice.Annotations" name="enable" time="0.001"/>
  <testcase classname="practice.Annotations" name="group" time="0.001"/>
  <testcase classname="practice.Annotations" name="test1" time="0.001"/>
  <testcase classname="practice.Annotations" name="test2" time="0.001"/>
  <testcase classname="practice.Annotations" name="test3" time="0.001"/>
  <testcase classname="practice.Annotations" name="test" time="0.0"/>
  <testcase classname="practice.Annotations" name="test4" time="0.001"/>
  <testcase classname="practice.Annotations" name="depends" time="0.001"/>
  <testcase classname="practice.test1" name="t1" time="0.0"/>
  <testcase classname="practice.test1" name="t2" time="0.0"/>
  <testcase classname="practice.test1" name="t3" time="0.0"/>
  <testcase classname="practice.test1" name="t4" time="0.0"/>
  <testcase classname="practice.test1" name="t5" time="0.0"/>
  <testcase classname="practice.test2" name="t6" time="0.0"/>
  <testcase classname="practice.test2" name="t7" time="0.0"/>
</testsuite> <!-- paraTest -->
