<?xml version="1.0" encoding="UTF-8"?>
<!-- Generated by org.testng.reporters.JUnitXMLReporter -->
<testsuite ignored="4" hostname="VSP-94QD6Q3" failures="0" tests="2" name="Test" time="0.028" errors="0" timestamp="2022-12-21T12:56:55 IST">
  <testcase classname="practice.Annotations" name="test" time="0.002"/>
  <testcase classname="practice.test1" name="t3" time="0.001"/>
  <testcase classname="practice.test1" name="t2" time="0.0">
    <ignored/>
  </testcase> <!-- t2 -->
  <testcase classname="practice.test1" name="t1" time="0.0">
    <ignored/>
  </testcase> <!-- t1 -->
  <testcase classname="practice.test1" name="t5" time="0.0">
    <ignored/>
  </testcase> <!-- t5 -->
  <testcase classname="practice.test1" name="t4" time="0.0">
    <ignored/>
  </testcase> <!-- t4 -->
</testsuite> <!-- Test -->
