<?xml version="1.0" encoding="UTF-8"?>
<testng-results ignored="0" total="8" passed="8" failed="0" skipped="0">
  <reporter-output>
  </reporter-output>
  <suite started-at="2023-01-06T12:30:17 IST" name="Default suite" finished-at="2023-01-06T12:30:17 IST" duration-ms="60">
    <groups>
      <group name="test3">
        <method signature="Annotations.group()[pri:0, instance:practice.Annotations@3527942a]" name="group" class="practice.Annotations"/>
      </group> <!-- test3 -->
    </groups>
    <test started-at="2023-01-06T12:30:17 IST" name="Default test" finished-at="2023-01-06T12:30:17 IST" duration-ms="60">
      <class name="practice.Annotations">
        <test-method is-config="true" signature="beforeSuite()[pri:0, instance:practice.Annotations@3527942a]" started-at="2023-01-06T12:30:17 IST" name="beforeSuite" finished-at="2023-01-06T12:30:17 IST" duration-ms="9" status="PASS">
          <reporter-output>
          </reporter-output>
        </test-method> <!-- beforeSuite -->
        <test-method is-config="true" signature="beforeTest()[pri:0, instance:practice.Annotations@3527942a]" started-at="2023-01-06T12:30:17 IST" name="beforeTest" finished-at="2023-01-06T12:30:17 IST" duration-ms="0" status="PASS">
          <reporter-output>
          </reporter-output>
        </test-method> <!-- beforeTest -->
        <test-method is-config="true" signature="beforeClass()[pri:0, instance:practice.Annotations@3527942a]" started-at="2023-01-06T12:30:17 IST" name="beforeClass" finished-at="2023-01-06T12:30:17 IST" duration-ms="0" status="PASS">
          <reporter-output>
          </reporter-output>
        </test-method> <!-- beforeClass -->
        <test-method is-config="true" signature="beforeMethod()[pri:0, instance:practice.Annotations@3527942a]" started-at="2023-01-06T12:30:17 IST" name="beforeMethod" finished-at="2023-01-06T12:30:17 IST" duration-ms="0" status="PASS">
          <reporter-output>
          </reporter-output>
        </test-method> <!-- beforeMethod -->
        <test-method signature="enable()[pri:0, instance:practice.Annotations@3527942a]" started-at="2023-01-06T12:30:17 IST" name="enable" finished-at="2023-01-06T12:30:17 IST" duration-ms="4" status="PASS">
          <reporter-output>
          </reporter-output>
        </test-method> <!-- enable -->
        <test-method is-config="true" signature="afterMethod()[pri:0, instance:practice.Annotations@3527942a]" started-at="2023-01-06T12:30:17 IST" name="afterMethod" finished-at="2023-01-06T12:30:17 IST" duration-ms="0" status="PASS">
          <reporter-output>
          </reporter-output>
        </test-method> <!-- afterMethod -->
        <test-method is-config="true" signature="beforeMethod()[pri:0, instance:practice.Annotations@3527942a]" started-at="2023-01-06T12:30:17 IST" name="beforeMethod" finished-at="2023-01-06T12:30:17 IST" duration-ms="0" status="PASS">
          <reporter-output>
          </reporter-output>
        </test-method> <!-- beforeMethod -->
        <test-method signature="group()[pri:0, instance:practice.Annotations@3527942a]" started-at="2023-01-06T12:30:17 IST" name="group" finished-at="2023-01-06T12:30:17 IST" duration-ms="1" status="PASS">
          <reporter-output>
          </reporter-output>
        </test-method> <!-- group -->
        <test-method is-config="true" signature="afterMethod()[pri:0, instance:practice.Annotations@3527942a]" started-at="2023-01-06T12:30:17 IST" name="afterMethod" finished-at="2023-01-06T12:30:17 IST" duration-ms="1" status="PASS">
          <reporter-output>
          </reporter-output>
        </test-method> <!-- afterMethod -->
        <test-method signature="test1()[pri:0, instance:practice.Annotations@3527942a]" started-at="2023-01-06T12:30:17 IST" name="test1" description="numerics" finished-at="2023-01-06T12:30:17 IST" duration-ms="1" status="PASS">
          <reporter-output>
          </reporter-output>
        </test-method> <!-- test1 -->
        <test-method is-config="true" signature="beforeMethod()[pri:0, instance:practice.Annotations@3527942a]" started-at="2023-01-06T12:30:17 IST" name="beforeMethod" finished-at="2023-01-06T12:30:17 IST" duration-ms="0" status="PASS">
          <reporter-output>
          </reporter-output>
        </test-method> <!-- beforeMethod -->
        <test-method is-config="true" signature="afterMethod()[pri:0, instance:practice.Annotations@3527942a]" started-at="2023-01-06T12:30:17 IST" name="afterMethod" finished-at="2023-01-06T12:30:17 IST" duration-ms="0" status="PASS">
          <reporter-output>
          </reporter-output>
        </test-method> <!-- afterMethod -->
        <test-method signature="test2()[pri:0, instance:practice.Annotations@3527942a]" started-at="2023-01-06T12:30:17 IST" name="test2" finished-at="2023-01-06T12:30:17 IST" duration-ms="1" status="PASS">
          <reporter-output>
          </reporter-output>
        </test-method> <!-- test2 -->
        <test-method is-config="true" signature="beforeMethod()[pri:0, instance:practice.Annotations@3527942a]" started-at="2023-01-06T12:30:17 IST" name="beforeMethod" finished-at="2023-01-06T12:30:17 IST" duration-ms="0" status="PASS">
          <reporter-output>
          </reporter-output>
        </test-method> <!-- beforeMethod -->
        <test-method is-config="true" signature="afterMethod()[pri:0, instance:practice.Annotations@3527942a]" started-at="2023-01-06T12:30:17 IST" name="afterMethod" finished-at="2023-01-06T12:30:17 IST" duration-ms="0" status="PASS">
          <reporter-output>
          </reporter-output>
        </test-method> <!-- afterMethod -->
        <test-method is-config="true" signature="beforeMethod()[pri:0, instance:practice.Annotations@3527942a]" started-at="2023-01-06T12:30:17 IST" name="beforeMethod" finished-at="2023-01-06T12:30:17 IST" duration-ms="1" status="PASS">
          <reporter-output>
          </reporter-output>
        </test-method> <!-- beforeMethod -->
        <test-method signature="test3()[pri:0, instance:practice.Annotations@3527942a]" started-at="2023-01-06T12:30:17 IST" name="test3" finished-at="2023-01-06T12:30:17 IST" duration-ms="0" status="PASS">
          <reporter-output>
          </reporter-output>
        </test-method> <!-- test3 -->
        <test-method is-config="true" signature="afterMethod()[pri:0, instance:practice.Annotations@3527942a]" started-at="2023-01-06T12:30:17 IST" name="afterMethod" finished-at="2023-01-06T12:30:17 IST" duration-ms="1" status="PASS">
          <reporter-output>
          </reporter-output>
        </test-method> <!-- afterMethod -->
        <test-method signature="test()[pri:0, instance:practice.Annotations@3527942a]" started-at="2023-01-06T12:30:17 IST" name="test" description="numerics" finished-at="2023-01-06T12:30:17 IST" duration-ms="1" status="PASS">
          <reporter-output>
          </reporter-output>
        </test-method> <!-- test -->
        <test-method is-config="true" signature="beforeMethod()[pri:0, instance:practice.Annotations@3527942a]" started-at="2023-01-06T12:30:17 IST" name="beforeMethod" finished-at="2023-01-06T12:30:17 IST" duration-ms="0" status="PASS">
          <reporter-output>
          </reporter-output>
        </test-method> <!-- beforeMethod -->
        <test-method is-config="true" signature="afterMethod()[pri:0, instance:practice.Annotations@3527942a]" started-at="2023-01-06T12:30:17 IST" name="afterMethod" finished-at="2023-01-06T12:30:17 IST" duration-ms="0" status="PASS">
          <reporter-output>
          </reporter-output>
        </test-method> <!-- afterMethod -->
        <test-method is-config="true" signature="beforeMethod()[pri:0, instance:practice.Annotations@3527942a]" started-at="2023-01-06T12:30:17 IST" name="beforeMethod" finished-at="2023-01-06T12:30:17 IST" duration-ms="0" status="PASS">
          <reporter-output>
          </reporter-output>
        </test-method> <!-- beforeMethod -->
        <test-method signature="test4()[pri:0, instance:practice.Annotations@3527942a]" started-at="2023-01-06T12:30:17 IST" name="test4" finished-at="2023-01-06T12:30:17 IST" duration-ms="1" status="PASS">
          <reporter-output>
          </reporter-output>
        </test-method> <!-- test4 -->
        <test-method is-config="true" signature="afterMethod()[pri:0, instance:practice.Annotations@3527942a]" started-at="2023-01-06T12:30:17 IST" name="afterMethod" finished-at="2023-01-06T12:30:17 IST" duration-ms="0" status="PASS">
          <reporter-output>
          </reporter-output>
        </test-method> <!-- afterMethod -->
        <test-method is-config="true" signature="beforeMethod()[pri:0, instance:practice.Annotations@3527942a]" started-at="2023-01-06T12:30:17 IST" name="beforeMethod" finished-at="2023-01-06T12:30:17 IST" duration-ms="0" status="PASS">
          <reporter-output>
          </reporter-output>
        </test-method> <!-- beforeMethod -->
        <test-method signature="depends()[pri:0, instance:practice.Annotations@3527942a]" started-at="2023-01-06T12:30:17 IST" name="depends" finished-at="2023-01-06T12:30:17 IST" depends-on-methods="practice.Annotations.test2, practice.Annotations.test3" duration-ms="1" status="PASS">
          <reporter-output>
          </reporter-output>
        </test-method> <!-- depends -->
        <test-method is-config="true" signature="afterClass()[pri:0, instance:practice.Annotations@3527942a]" started-at="2023-01-06T12:30:17 IST" name="afterClass" finished-at="2023-01-06T12:30:17 IST" duration-ms="1" status="PASS">
          <reporter-output>
          </reporter-output>
        </test-method> <!-- afterClass -->
        <test-method is-config="true" signature="afterMethod()[pri:0, instance:practice.Annotations@3527942a]" started-at="2023-01-06T12:30:17 IST" name="afterMethod" finished-at="2023-01-06T12:30:17 IST" duration-ms="0" status="PASS">
          <reporter-output>
          </reporter-output>
        </test-method> <!-- afterMethod -->
        <test-method is-config="true" signature="afterTest()[pri:0, instance:practice.Annotations@3527942a]" started-at="2023-01-06T12:30:17 IST" name="afterTest" finished-at="2023-01-06T12:30:17 IST" duration-ms="0" status="PASS">
          <reporter-output>
          </reporter-output>
        </test-method> <!-- afterTest -->
        <test-method is-config="true" signature="afterSuite()[pri:0, instance:practice.Annotations@3527942a]" started-at="2023-01-06T12:30:17 IST" name="afterSuite" finished-at="2023-01-06T12:30:17 IST" duration-ms="1" status="PASS">
          <reporter-output>
          </reporter-output>
        </test-method> <!-- afterSuite -->
      </class> <!-- practice.Annotations -->
    </test> <!-- Default test -->
  </suite> <!-- Default suite -->
</testng-results>
